  test.c
C:\Users\SYSTEM-00\source\repos\work\Project1\Project1\test.c(51,3): error C4996: 'scanf': This function or variable may be unsafe. Consider using scanf_s instead. To disable deprecation, use _CRT_SECURE_NO_WARNINGS. See online help for details.
C:\Users\SYSTEM-00\source\repos\work\Project1\Project1\test.c(102,12): warning C4013: 'getch'이(가) 정의되지 않았습니다. extern은 int형을 반환하는 것으로 간주합니다.
C:\Users\SYSTEM-00\source\repos\work\Project1\Project1\test.c(68,7): warning C4101: 'vchar' :참조되지 않은 지역 변수입니다.
C:\Users\SYSTEM-00\source\repos\work\Project1\Project1\test.c(70,7): warning C4101: 'vlong' :참조되지 않은 지역 변수입니다.
C:\Users\SYSTEM-00\source\repos\work\Project1\Project1\test.c(71,8): warning C4101: 'vfloat' :참조되지 않은 지역 변수입니다.
C:\Users\SYSTEM-00\source\repos\work\Project1\Project1\test.c(72,9): warning C4101: 'vdouble' :참조되지 않은 지역 변수입니다.
C:\Users\SYSTEM-00\source\repos\work\Project1\Project1\test.c(69,6): warning C4101: 'vint' :참조되지 않은 지역 변수입니다.
C:\Users\SYSTEM-00\source\repos\work\Project1\Project1\test.c(143,77): warning C4311: '형식 캐스트': 'char [100]'에서 'unsigned int'(으)로 포인터가 잘립니다.
C:\Users\SYSTEM-00\source\repos\work\Project1\Project1\test.c(143,9): warning C4477: 'printf' : 서식 문자열 '%08x'에 'unsigned int' 형식의 인수가 필요하지만 variadic 인수 2의 형식이 'char *'입니다.
C:\Users\SYSTEM-00\source\repos\work\Project1\Project1\test.c(143,9): warning C4313: 'printf': 서식 문자열의 '%x'이(가) char *' 형식의 인수 2과(와) 충돌합니다.
C:\Users\SYSTEM-00\source\repos\work\Project1\Project1\test.c(145,2): error C4996: 'scanf': This function or variable may be unsafe. Consider using scanf_s instead. To disable deprecation, use _CRT_SECURE_NO_WARNINGS. See online help for details.
C:\Users\SYSTEM-00\source\repos\work\Project1\Project1\test.c(148,2): error C4996: 'scanf': This function or variable may be unsafe. Consider using scanf_s instead. To disable deprecation, use _CRT_SECURE_NO_WARNINGS. See online help for details.
C:\Users\SYSTEM-00\source\repos\work\Project1\Project1\test.c(157,10): warning C4477: 'printf' : 서식 문자열 '%08x'에 'unsigned int' 형식의 인수가 필요하지만 variadic 인수 2의 형식이 'char *'입니다.
C:\Users\SYSTEM-00\source\repos\work\Project1\Project1\test.c(157,10): warning C4313: 'printf': 서식 문자열의 '%x'이(가) char *' 형식의 인수 2과(와) 충돌합니다.
C:\Users\SYSTEM-00\source\repos\work\Project1\Project1\test.c(173,9): warning C4477: 'printf' : 서식 문자열 '%d'에 'int' 형식의 인수가 필요하지만 variadic 인수 1의 형식이 'size_t'입니다.
C:\Users\SYSTEM-00\source\repos\work\Project1\Project1\test.c(173,9): message : 서식 문자열에서 '%zd'을(를) 사용하는 것이 좋습니다.
C:\Users\SYSTEM-00\source\repos\work\Project1\Project1\test.c(169,7): warning C4305: '초기화 중': 'double'에서 'float'(으)로 잘립니다.
C:\Users\SYSTEM-00\source\repos\work\Project1\Project1\test.c(171,16): warning C4101: 's2' :참조되지 않은 지역 변수입니다.
C:\Users\SYSTEM-00\source\repos\work\Project1\Project1\test.c(188,30): warning C4013: 'strlen'이(가) 정의되지 않았습니다. extern은 int형을 반환하는 것으로 간주합니다.
C:\Users\SYSTEM-00\source\repos\work\Project1\Project1\test.c(190,2): warning C4013: 'strcpy'이(가) 정의되지 않았습니다. extern은 int형을 반환하는 것으로 간주합니다.
C:\Users\SYSTEM-00\source\repos\work\Project1\Project1\test.c(191,2): warning C4013: 'strcat'이(가) 정의되지 않았습니다. extern은 int형을 반환하는 것으로 간주합니다.
C:\Users\SYSTEM-00\source\repos\work\Project1\Project1\test.c(185,2): error C4996: 'scanf': This function or variable may be unsafe. Consider using scanf_s instead. To disable deprecation, use _CRT_SECURE_NO_WARNINGS. See online help for details.
C:\Users\SYSTEM-00\source\repos\work\Project1\Project1\test.c(186,2): error C4996: 'scanf': This function or variable may be unsafe. Consider using scanf_s instead. To disable deprecation, use _CRT_SECURE_NO_WARNINGS. See online help for details.
C:\Users\SYSTEM-00\source\repos\work\Project1\Project1\test.c(198,45): error C4996: 'scanf': This function or variable may be unsafe. Consider using scanf_s instead. To disable deprecation, use _CRT_SECURE_NO_WARNINGS. See online help for details.
C:\Users\SYSTEM-00\source\repos\work\Project1\Project1\test.c(211,27): warning C4477: 'printf' : 서식 문자열 '%08x'에 'unsigned int' 형식의 인수가 필요하지만 variadic 인수 1의 형식이 'char *'입니다.
C:\Users\SYSTEM-00\source\repos\work\Project1\Project1\test.c(211,27): warning C4313: 'printf': 서식 문자열의 '%x'이(가) char *' 형식의 인수 1과(와) 충돌합니다.
